<?xml version="1.0" encoding="UTF-8"?>
<testsuite name="PrimeNumberCheckerTest" tests="1" skipped="0" failures="0" errors="0" timestamp="2021-04-06T08:09:43" hostname="Rs-MacBook-Pro.local" time="0.018">
  <properties/>
  <testcase name="shouldReturnFalseIfTheNumberIsLessThanTwo()" classname="PrimeNumberCheckerTest" time="0.018"/>
  <system-out><![CDATA[]]></system-out>
  <system-err><![CDATA[]]></system-err>
</testsuite>
